commit 5ed740964a173639eea08788d67699d23ffcb9db
Author: Oihane <oburuaga@gmail.com>
Date:   Sat Aug 19 14:14:06 2017 +0200

    enviocarpeta

commit 5cf71f992855b565298226e5f78ca16cfeb1db86
Author: Oihane <oburuaga@gmail.com>
Date:   Sat Aug 19 14:12:37 2017 +0200

    ultimo

commit 45ddad7bdbc32ba27836f2961fa2a7bafc94649b
Author: Oihane <oburuaga@gmail.com>
Date:   Sat Aug 19 13:18:57 2017 +0200

    pruebanegrita

commit d37eed579859eea0710d3799d815f865bc0791ae
Author: Oihane <oburuaga@gmail.com>
Date:   Sat Aug 19 13:15:14 2017 +0200

    Cuarto envío

commit c78c90a1687e1ca40895faf71ad50ae18f1cc67a
Author: Oihane <oburuaga@gmail.com>
Date:   Sat Aug 19 13:10:10 2017 +0200

    Tercer envío

commit 537fa56dd029573ae44b0ffce6fdd7e104ead6d9
Author: Oihane <oburuaga@gmail.com>
Date:   Sat Aug 19 12:47:18 2017 +0200

    Segundo envio

commit 17869d35b753384699d0120223bf4ec5ba49a3ac
Author: Oihane <oburuaga@gmail.com>
Date:   Sat Aug 19 12:41:45 2017 +0200

    Primer envio
